<?xml version="1.0" encoding="UTF-8"?>
<!-- Generated by org.testng.reporters.JUnitXMLReporter -->
<testsuite ignored="8" hostname="DESKTOP-LR9MGE6" failures="0" tests="10" name="ECommerceTest" time="1003.293" errors="0" timestamp="2024-06-20T19:59:06 IST">
  <testcase classname="com.ecommerce.testcases.EcommerceEToE" name="addToCart" time="6.795"/>
  <testcase classname="com.ecommerce.testcases.LoginPageTest" name="loginTest" time="253.179"/>
  <testcase classname="com.ecommerce.testcases.ProductPageTest" name="productAvailable" time="43.681"/>
  <testcase classname="com.ecommerce.testcases.HomePageTest" name="verifyCartIcon" time="58.448"/>
  <testcase classname="com.ecommerce.testcases.AccountPageTest" name="verifyCreateAccountPageTest" time="5.792"/>
  <testcase classname="com.ecommerce.testcases.HomePageTest" name="verifyLogo" time="0.198"/>
  <testcase classname="com.ecommerce.testcases.HomePageTest" name="verifyTitle" time="0.032"/>
  <testcase classname="com.ecommerce.testcases.EcommerceEToE" name="signIn" time="30.459"/>
  <testcase classname="com.ecommerce.testcases.EcommerceEToE" name="verifyLogin" time="0.033"/>
  <testcase classname="com.ecommerce.testcases.EcommerceEToE" name="searchProduct" time="145.45"/>
  <testcase classname="com.ecommerce.base.BaseClass" name="@BeforeSuite loadConfig" time="0.0">
    <ignored/>
  </testcase> <!-- @BeforeSuite loadConfig -->
  <testcase classname="com.ecommerce.base.BaseClass" name="@BeforeSuite loadConfig" time="0.0">
    <ignored/>
  </testcase> <!-- @BeforeSuite loadConfig -->
  <testcase classname="com.ecommerce.base.BaseClass" name="@BeforeSuite loadConfig" time="0.0">
    <ignored/>
  </testcase> <!-- @BeforeSuite loadConfig -->
  <testcase classname="com.ecommerce.base.BaseClass" name="@BeforeSuite loadConfig" time="0.0">
    <ignored/>
  </testcase> <!-- @BeforeSuite loadConfig -->
  <testcase classname="com.ecommerce.base.BaseClass" name="@AfterSuite afterSuite" time="0.0">
    <ignored/>
  </testcase> <!-- @AfterSuite afterSuite -->
  <testcase classname="com.ecommerce.base.BaseClass" name="@AfterSuite afterSuite" time="0.0">
    <ignored/>
  </testcase> <!-- @AfterSuite afterSuite -->
  <testcase classname="com.ecommerce.base.BaseClass" name="@AfterSuite afterSuite" time="0.0">
    <ignored/>
  </testcase> <!-- @AfterSuite afterSuite -->
  <testcase classname="com.ecommerce.base.BaseClass" name="@AfterSuite afterSuite" time="0.0">
    <ignored/>
  </testcase> <!-- @AfterSuite afterSuite -->
</testsuite> <!-- ECommerceTest -->
