<?xml version="1.0" encoding="UTF-8"?>
<!-- Generated by org.testng.reporters.JUnitXMLReporter -->
<testsuite ignored="13" hostname="DESKTOP-LR9MGE6" failures="0" tests="8" name="Smoke" time="745.177" errors="0" timestamp="2024-06-19T15:22:48 IST">
  <testcase classname="com.ecommerce.testcases.LoginPageTest" name="loginTest" time="10.784"/>
  <testcase classname="com.ecommerce.testcases.EcommerceEToE" name="signIn" time="7.747"/>
  <testcase classname="com.ecommerce.testcases.EcommerceEToE" name="verifyLogin" time="0.023"/>
  <testcase classname="com.ecommerce.testcases.EcommerceEToE" name="searchProduct" time="232.721"/>
  <testcase classname="com.ecommerce.testcases.HomePageTest" name="verifyCartIcon" time="0.117"/>
  <testcase classname="com.ecommerce.testcases.HomePageTest" name="verifyLogo" time="0.119"/>
  <testcase classname="com.ecommerce.testcases.HomePageTest" name="verifyTitle" time="0.025"/>
  <testcase classname="com.ecommerce.testcases.ProductPageTest" name="productAvailable" time="12.004"/>
  <testcase classname="com.ecommerce.base.BaseClass" name="@BeforeTest loadConfig" time="0.0">
    <ignored/>
  </testcase> <!-- @BeforeTest loadConfig -->
  <testcase classname="com.ecommerce.base.BaseClass" name="@BeforeTest loadConfig" time="0.0">
    <ignored/>
  </testcase> <!-- @BeforeTest loadConfig -->
  <testcase classname="com.ecommerce.base.BaseClass" name="@BeforeTest loadConfig" time="0.0">
    <ignored/>
  </testcase> <!-- @BeforeTest loadConfig -->
  <testcase classname="com.ecommerce.base.BaseClass" name="@BeforeTest loadConfig" time="0.0">
    <ignored/>
  </testcase> <!-- @BeforeTest loadConfig -->
  <testcase classname="com.ecommerce.base.BaseClass" name="@BeforeTest loadConfig" time="0.0">
    <ignored/>
  </testcase> <!-- @BeforeTest loadConfig -->
  <testcase classname="com.ecommerce.base.BaseClass" name="@BeforeSuite beforeSuite" time="0.0">
    <ignored/>
  </testcase> <!-- @BeforeSuite beforeSuite -->
  <testcase classname="com.ecommerce.base.BaseClass" name="@BeforeSuite beforeSuite" time="0.0">
    <ignored/>
  </testcase> <!-- @BeforeSuite beforeSuite -->
  <testcase classname="com.ecommerce.base.BaseClass" name="@BeforeSuite beforeSuite" time="0.0">
    <ignored/>
  </testcase> <!-- @BeforeSuite beforeSuite -->
  <testcase classname="com.ecommerce.base.BaseClass" name="@BeforeSuite beforeSuite" time="0.0">
    <ignored/>
  </testcase> <!-- @BeforeSuite beforeSuite -->
  <testcase classname="com.ecommerce.base.BaseClass" name="@BeforeSuite beforeSuite" time="0.0">
    <ignored/>
  </testcase> <!-- @BeforeSuite beforeSuite -->
  <testcase classname="com.ecommerce.testcases.EndToEndTest" name="productAvailable" time="0.0">
    <ignored/>
  </testcase> <!-- productAvailable -->
  <testcase classname="com.ecommerce.testcases.AccountPageTest" name="verifyCreateAccountPageTest" time="0.0">
    <ignored/>
  </testcase> <!-- verifyCreateAccountPageTest -->
  <testcase classname="com.ecommerce.testcases.EcommerceEToE" name="addToCart" time="0.0">
    <ignored/>
  </testcase> <!-- addToCart -->
</testsuite> <!-- Smoke -->
