<?xml version="1.0" encoding="UTF-8"?>
<!-- Generated by org.testng.reporters.JUnitXMLReporter -->
<testsuite ignored="0" hostname="DESKTOP-LR9MGE6" failures="0" tests="3" name="Test" time="34.567" errors="0" timestamp="2024-07-29T17:29:42 IST">
  <testcase classname="com.ecommerce.testcases.HomePageTest" name="verifyCartIcon" time="0.276"/>
  <testcase classname="com.ecommerce.testcases.HomePageTest" name="verifyLogo" time="0.126"/>
  <testcase classname="com.ecommerce.testcases.HomePageTest" name="verifyTitle" time="0.027"/>
</testsuite> <!-- Test -->
